Copyright 1986-2017 Xilinx, Inc. All Rights Reserved.
--------------------------------------------------------------------------------------------------------------------------------------------------------------------------------
| Tool Version : Vivado v.2017.4 (win64) Build 2086221 Fri Dec 15 20:55:39 MST 2017
| Date         : Wed Nov 20 19:33:36 2024
| Host         : stu-020 running 64-bit Service Pack 1  (build 7601)
| Command      : report_methodology -file decoder74LS138_methodology_drc_routed.rpt -pb decoder74LS138_methodology_drc_routed.pb -rpx decoder74LS138_methodology_drc_routed.rpx
| Design       : decoder74LS138
| Device       : xc7a100tfgg484-2L
| Speed File   : -2L
| Design State : Routed
--------------------------------------------------------------------------------------------------------------------------------------------------------------------------------

Report Methodology

Table of Contents
-----------------
1. REPORT SUMMARY
2. REPORT DETAILS

1. REPORT SUMMARY
-----------------
            Netlist: netlist
          Floorplan: design_1
      Design limits: <entire design considered>
             Max violations: <unlimited>
             Violations found: 0
+------+----------+-------------+------------+
| Rule | Severity | Description | Violations |
+------+----------+-------------+------------+
+------+----------+-------------+------------+

2. REPORT DETAILS
-----------------

