Copyright 1986-2017 Xilinx, Inc. All Rights Reserved.
--------------------------------------------------------------------------------------------------------------------------------------------------------------------
| Tool Version : Vivado v.2017.4 (win64) Build 2086221 Fri Dec 15 20:55:39 MST 2017
| Date         : Wed Nov 20 19:25:13 2024
| Host         : stu-020 running 64-bit Service Pack 1  (build 7601)
| Command      : report_methodology -file mux41_4bit_methodology_drc_routed.rpt -pb mux41_4bit_methodology_drc_routed.pb -rpx mux41_4bit_methodology_drc_routed.rpx
| Design       : mux41_4bit
| Device       : xc7a100tfgg484-2L
| Speed File   : -2L
| Design State : Routed
--------------------------------------------------------------------------------------------------------------------------------------------------------------------

Report Methodology

Table of Contents
-----------------
1. REPORT SUMMARY
2. REPORT DETAILS

1. REPORT SUMMARY
-----------------
            Netlist: netlist
          Floorplan: design_1
      Design limits: <entire design considered>
             Max violations: <unlimited>
             Violations found: 0
+------+----------+-------------+------------+
| Rule | Severity | Description | Violations |
+------+----------+-------------+------------+
+------+----------+-------------+------------+

2. REPORT DETAILS
-----------------

